19-Dec-2022 13:40:39.035 INFO [main] org.apache.catalina.core.ApplicationContext.log ContextListener: contextInitialized()
19-Dec-2022 13:40:39.035 INFO [main] org.apache.catalina.core.ApplicationContext.log SessionListener: contextInitialized()
19-Dec-2022 13:40:39.037 INFO [main] org.apache.catalina.core.ApplicationContext.log ContextListener: attributeAdded('StockTicker', 'async.Stockticker@1a6f5124')
19-Dec-2022 13:40:39.037 INFO [main] org.apache.catalina.core.ApplicationContext.log ContextListener: contextInitialized()
19-Dec-2022 13:40:39.037 INFO [main] org.apache.catalina.core.ApplicationContext.log SessionListener: contextInitialized()
19-Dec-2022 13:40:39.039 INFO [main] org.apache.catalina.core.ApplicationContext.log ContextListener: attributeAdded('StockTicker', 'async.Stockticker@1a6f5124')
19-Dec-2022 13:40:39.165 INFO [main] org.apache.catalina.core.ApplicationContext.log SessionListener: contextDestroyed()
19-Dec-2022 13:40:39.166 INFO [main] org.apache.catalina.core.ApplicationContext.log ContextListener: contextDestroyed()
19-Dec-2022 13:40:39.170 INFO [main] org.apache.catalina.core.ApplicationContext.log SessionListener: contextDestroyed()
19-Dec-2022 13:40:39.170 INFO [main] org.apache.catalina.core.ApplicationContext.log ContextListener: contextDestroyed()
19-Dec-2022 13:40:42.382 INFO [main] org.apache.catalina.core.ApplicationContext.log ContextListener: contextInitialized()
19-Dec-2022 13:40:42.382 INFO [main] org.apache.catalina.core.ApplicationContext.log SessionListener: contextInitialized()
19-Dec-2022 13:40:42.384 INFO [main] org.apache.catalina.core.ApplicationContext.log ContextListener: attributeAdded('StockTicker', 'async.Stockticker@6c451c9c')
19-Dec-2022 13:40:42.474 INFO [main] org.apache.catalina.core.ApplicationContext.log SessionListener: contextDestroyed()
19-Dec-2022 13:40:42.474 INFO [main] org.apache.catalina.core.ApplicationContext.log ContextListener: contextDestroyed()
19-Dec-2022 13:40:48.948 INFO [main] org.apache.catalina.core.ApplicationContext.log ContextListener: contextInitialized()
19-Dec-2022 13:40:48.948 INFO [main] org.apache.catalina.core.ApplicationContext.log SessionListener: contextInitialized()
19-Dec-2022 13:40:48.949 INFO [main] org.apache.catalina.core.ApplicationContext.log ContextListener: attributeAdded('StockTicker', 'async.Stockticker@31c269fd')
19-Dec-2022 13:40:49.041 INFO [main] org.apache.catalina.core.ApplicationContext.log SessionListener: contextDestroyed()
19-Dec-2022 13:40:49.041 INFO [main] org.apache.catalina.core.ApplicationContext.log ContextListener: contextDestroyed()
19-Dec-2022 13:42:39.006 INFO [main] org.apache.catalina.core.ApplicationContext.log ContextListener: contextInitialized()
19-Dec-2022 13:42:39.006 INFO [main] org.apache.catalina.core.ApplicationContext.log SessionListener: contextInitialized()
19-Dec-2022 13:42:39.007 INFO [main] org.apache.catalina.core.ApplicationContext.log ContextListener: attributeAdded('StockTicker', 'async.Stockticker@1e886a5b')
19-Dec-2022 13:42:39.095 INFO [main] org.apache.catalina.core.ApplicationContext.log SessionListener: contextDestroyed()
19-Dec-2022 13:42:39.095 INFO [main] org.apache.catalina.core.ApplicationContext.log ContextListener: contextDestroyed()
